<?xml version="1.0" encoding="UTF-8"?>
<!-- Generated by org.testng.reporters.JUnitXMLReporter -->
<testsuite ignored="0" hostname="DESKTOP-697SAQJ" failures="1" tests="1" name="Test a login using a google account" time="10.835" errors="0" timestamp="21 set 2018 14:14:02 GMT">
  <testcase classname="com.tandeminnovation.launcher.TestLauncher" name="generalTest" time="0.765">
    <failure type="org.openqa.selenium.interactions.MoveTargetOutOfBoundsException" message="(701.4750213623047, 671.7999877929688) is out of bounds of viewport width (1366) and height (654)
Build info: version: &amp;apos;unknown&amp;apos;, revision: &amp;apos;unknown&amp;apos;, time: &amp;apos;unknown&amp;apos;
System info: host: &amp;apos;DESKTOP-697SAQJ&amp;apos;, ip: &amp;apos;192.168.11.12&amp;apos;, os.name: &amp;apos;Windows 10&amp;apos;, os.arch: &amp;apos;amd64&amp;apos;, os.version: &amp;apos;10.0&amp;apos;, java.version: &amp;apos;10.0.2&amp;apos;
Driver info: org.openqa.selenium.firefox.FirefoxDriver
Capabilities {acceptInsecureCerts: true, browserName: firefox, browserVersion: 62.0, javascriptEnabled: true, moz:accessibilityChecks: false, moz:headless: false, moz:processID: 1652, moz:profile: C:\Users\Asus\AppData\Local..., moz:useNonSpecCompliantPointerOrigin: false, moz:webdriverClick: true, pageLoadStrategy: normal, platform: XP, platformName: XP, platformVersion: 10.0, rotatable: false, timeouts: {implicit: 0, pageLoad: 300000, script: 30000}}
Session ID: 2397d91b-57ee-44fa-8e83-9667e9751db1">
      <![CDATA[org.openqa.selenium.interactions.MoveTargetOutOfBoundsException: (701.4750213623047, 671.7999877929688) is out of bounds of viewport width (1366) and height (654)
Build info: version: 'unknown', revision: 'unknown', time: 'unknown'
System info: host: 'DESKTOP-697SAQJ', ip: '192.168.11.12', os.name: 'Windows 10', os.arch: 'amd64', os.version: '10.0', java.version: '10.0.2'
Driver info: org.openqa.selenium.firefox.FirefoxDriver
Capabilities {acceptInsecureCerts: true, browserName: firefox, browserVersion: 62.0, javascriptEnabled: true, moz:accessibilityChecks: false, moz:headless: false, moz:processID: 1652, moz:profile: C:\Users\Asus\AppData\Local..., moz:useNonSpecCompliantPointerOrigin: false, moz:webdriverClick: true, pageLoadStrategy: normal, platform: XP, platformName: XP, platformVersion: 10.0, rotatable: false, timeouts: {implicit: 0, pageLoad: 300000, script: 30000}}
Session ID: 2397d91b-57ee-44fa-8e83-9667e9751db1
at org.openqa.selenium.remote.http.W3CHttpResponseCodec.createException(W3CHttpResponseCodec.java:187)
at org.openqa.selenium.remote.http.W3CHttpResponseCodec.decode(W3CHttpResponseCodec.java:122)
at org.openqa.selenium.remote.http.W3CHttpResponseCodec.decode(W3CHttpResponseCodec.java:49)
at org.openqa.selenium.remote.HttpCommandExecutor.execute(HttpCommandExecutor.java:158)
at org.openqa.selenium.remote.service.DriverCommandExecutor.execute(DriverCommandExecutor.java:83)
at org.openqa.selenium.remote.RemoteWebDriver.execute(RemoteWebDriver.java:545)
at org.openqa.selenium.remote.RemoteWebDriver.perform(RemoteWebDriver.java:611)
at org.openqa.selenium.interactions.Actions$BuiltAction.perform(Actions.java:638)
at org.openqa.selenium.interactions.Actions.perform(Actions.java:594)
at com.tandeminnovation.utilities.BaseUtils.moveAndClick(BaseUtils.java:36)
at com.tandeminnovation.utilities.FileReader.parseFile(FileReader.java:36)
at com.tandeminnovation.launcher.TestLauncher.generalTest(TestLauncher.java:80)
at com.tandeminnovation.launcher.SuiteLauncher.launchSuite(SuiteLauncher.java:193)
at com.tandeminnovation.launcher.SuiteLauncher.main(SuiteLauncher.java:219)
... Removed 26 stack frames]]>
    </failure>
  </testcase> <!-- generalTest -->
</testsuite> <!-- Test a login using a google account -->
