<?xml version="1.0" encoding="UTF-8"?>
<!-- Generated by org.testng.reporters.JUnitXMLReporter -->
<testsuite ignored="0" hostname="DESKTOP-697SAQJ" failures="1" tests="1" name="Test a logout after the user logged in" time="33.225" errors="0" timestamp="21 set 2018 14:13:06 GMT">
  <testcase classname="com.tandeminnovation.launcher.TestLauncher" name="generalTest" time="22.25">
    <failure type="org.openqa.selenium.TimeoutException" message="Expected condition failed: waiting for element to be clickable: By.xpath: //li[8]/a (tried for 20 second(s) with 500 milliseconds interval)
Build info: version: &amp;apos;unknown&amp;apos;, revision: &amp;apos;unknown&amp;apos;, time: &amp;apos;unknown&amp;apos;
System info: host: &amp;apos;DESKTOP-697SAQJ&amp;apos;, ip: &amp;apos;192.168.11.12&amp;apos;, os.name: &amp;apos;Windows 10&amp;apos;, os.arch: &amp;apos;amd64&amp;apos;, os.version: &amp;apos;10.0&amp;apos;, java.version: &amp;apos;10.0.2&amp;apos;
Driver info: org.openqa.selenium.firefox.FirefoxDriver
Capabilities {acceptInsecureCerts: true, browserName: firefox, browserVersion: 62.0, javascriptEnabled: true, moz:accessibilityChecks: false, moz:headless: false, moz:processID: 5080, moz:profile: C:\Users\Asus\AppData\Local..., moz:useNonSpecCompliantPointerOrigin: false, moz:webdriverClick: true, pageLoadStrategy: normal, platform: XP, platformName: XP, platformVersion: 10.0, rotatable: false, timeouts: {implicit: 0, pageLoad: 300000, script: 30000}}
Session ID: fe44cb07-a145-47ae-99f6-946263e7cc72">
      <![CDATA[org.openqa.selenium.TimeoutException: Expected condition failed: waiting for element to be clickable: By.xpath: //li[8]/a (tried for 20 second(s) with 500 milliseconds interval)
Build info: version: 'unknown', revision: 'unknown', time: 'unknown'
System info: host: 'DESKTOP-697SAQJ', ip: '192.168.11.12', os.name: 'Windows 10', os.arch: 'amd64', os.version: '10.0', java.version: '10.0.2'
Driver info: org.openqa.selenium.firefox.FirefoxDriver
Capabilities {acceptInsecureCerts: true, browserName: firefox, browserVersion: 62.0, javascriptEnabled: true, moz:accessibilityChecks: false, moz:headless: false, moz:processID: 5080, moz:profile: C:\Users\Asus\AppData\Local..., moz:useNonSpecCompliantPointerOrigin: false, moz:webdriverClick: true, pageLoadStrategy: normal, platform: XP, platformName: XP, platformVersion: 10.0, rotatable: false, timeouts: {implicit: 0, pageLoad: 300000, script: 30000}}
Session ID: fe44cb07-a145-47ae-99f6-946263e7cc72
at org.openqa.selenium.support.ui.WebDriverWait.timeoutException(WebDriverWait.java:81)
at org.openqa.selenium.support.ui.FluentWait.until(FluentWait.java:271)
at com.tandeminnovation.utilities.BaseUtils.waitToBeClickable(BaseUtils.java:83)
at com.tandeminnovation.utilities.FileReader.parseFile(FileReader.java:35)
at com.tandeminnovation.launcher.TestLauncher.generalTest(TestLauncher.java:80)
at com.tandeminnovation.launcher.SuiteLauncher.launchSuite(SuiteLauncher.java:193)
at com.tandeminnovation.launcher.SuiteLauncher.main(SuiteLauncher.java:219)
... Removed 22 stack frames]]>
    </failure>
  </testcase> <!-- generalTest -->
</testsuite> <!-- Test a logout after the user logged in -->
