<?xml version="1.0" encoding="UTF-8"?>
<!-- Generated by org.testng.reporters.JUnitXMLReporter -->
<testsuite ignored="0" hostname="DESKTOP-697SAQJ" failures="1" tests="1" name="Test a valid login with facebook" time="34.087" errors="0" timestamp="21 set 2018 14:13:40 GMT">
  <testcase classname="com.tandeminnovation.launcher.TestLauncher" name="generalTest" time="22.966">
    <failure type="org.openqa.selenium.TimeoutException" message="Expected condition failed: waiting for visibility of element located by By.xpath: //div[3]/div[1]/div/div/div[1]/div/div[2]/ul/li/a (tried for 20 second(s) with 500 milliseconds interval)">
      <![CDATA[org.openqa.selenium.TimeoutException: Expected condition failed: waiting for visibility of element located by By.xpath: //div[3]/div[1]/div/div/div[1]/div/div[2]/ul/li/a (tried for 20 second(s) with 500 milliseconds interval)
at org.openqa.selenium.support.ui.WebDriverWait.timeoutException(WebDriverWait.java:81)
at org.openqa.selenium.support.ui.FluentWait.until(FluentWait.java:271)
at com.tandeminnovation.utilities.BaseUtils.waitToBeVisable(BaseUtils.java:91)
at com.tandeminnovation.utilities.FileReader.parseFile(FileReader.java:66)
at com.tandeminnovation.launcher.TestLauncher.generalTest(TestLauncher.java:80)
at com.tandeminnovation.launcher.SuiteLauncher.launchSuite(SuiteLauncher.java:193)
at com.tandeminnovation.launcher.SuiteLauncher.main(SuiteLauncher.java:219)
Caused by: org.openqa.selenium.NoSuchElementException: Cannot locate an element using By.xpath: //div[3]/div[1]/div/div/div[1]/div/div[2]/ul/li/a
For documentation on this error, please visit: http://seleniumhq.org/exceptions/no_such_element.html
Build info: version: 'unknown', revision: 'unknown', time: 'unknown'
System info: host: 'DESKTOP-697SAQJ', ip: '192.168.11.12', os.name: 'Windows 10', os.arch: 'amd64', os.version: '10.0', java.version: '10.0.2'
Driver info: driver.version: unknown
at org.openqa.selenium.support.ui.ExpectedConditions.lambda$findElement$0(ExpectedConditions.java:896)
at java.base/java.util.Optional.orElseThrow(Unknown Source)
at org.openqa.selenium.support.ui.ExpectedConditions.findElement(ExpectedConditions.java:895)
at org.openqa.selenium.support.ui.ExpectedConditions.access$000(ExpectedConditions.java:44)
at org.openqa.selenium.support.ui.ExpectedConditions$7.apply(ExpectedConditions.java:206)
at org.openqa.selenium.support.ui.ExpectedConditions$7.apply(ExpectedConditions.java:202)
at org.openqa.selenium.support.ui.FluentWait.until(FluentWait.java:248)
... 27 more
... Removed 22 stack frames]]>
    </failure>
  </testcase> <!-- generalTest -->
</testsuite> <!-- Test a valid login with facebook -->
